{"message":"bws.config.js not found, using default configuration values","level":"info"}
{"message":"Using message broker server at http://localhost:3380","level":"info"}
{"message":"Unable to connect to the mongoDB. Check the credentials.","level":"error"}
{"message":"ERROR:MongoServerSelectionError: connect ECONNREFUSED 127.0.0.1:27017","level":"error"}

/mnt/ethereum/ccc/bitcore/packages/bitcore-wallet-service/node_modules/mongodb/lib/core/sdam/topology.js:430
        const timeoutError = new MongoServerSelectionError(
                             ^
MongoServerSelectionError: connect ECONNREFUSED 127.0.0.1:27017
    at Timeout.waitQueueMember.timer.setTimeout [as _onTimeout] (/mnt/ethereum/ccc/bitcore/packages/bitcore-wallet-service/node_modules/mongodb/lib/core/sdam/topology.js:430:30)
    at listOnTimeout (internal/timers.js:535:17)
    at processTimers (internal/timers.js:479:7)
{"message":"bws.config.js not found, using default configuration values","level":"info"}
{"message":"Using message broker server at http://localhost:3380","level":"info"}
{"message":"Connection established to db: mongodb://127.0.0.1:27017/bws","level":"info"}
{"message":"Creating DB indexes","level":"info"}
{"message":"Push Notification Service started","level":"info"}
{"message":"bws.config.js not found, using default configuration values","level":"info"}
{"message":"Using message broker server at http://localhost:3380","level":"info"}
{"message":"Connection established to db: mongodb://127.0.0.1:27017/bws","level":"info"}
{"message":"Creating DB indexes","level":"info"}
{"message":"Push Notification Service started","level":"info"}
{"message":"bws.config.js not found, using default configuration values","level":"info"}
{"message":"Using message broker server at http://localhost:3380","level":"info"}
{"message":"Connection established to db: mongodb://127.0.0.1:27017/bws","level":"info"}
{"message":"Creating DB indexes","level":"info"}
{"message":"Push Notification Service started","level":"info"}
{"message":"bws.config.js not found, using default configuration values","level":"info"}
{"message":"Using message broker server at http://localhost:3380","level":"info"}
{"message":"Connection established to db: mongodb://127.0.0.1:27017/bws","level":"info"}
{"message":"Creating DB indexes","level":"info"}
{"message":"Push Notification Service started","level":"info"}
{"message":"bws.config.js not found, using default configuration values","level":"info"}
{"message":"Using message broker server at http://localhost:3380","level":"info"}
{"message":"Connection established to db: mongodb://127.0.0.1:27017/bws","level":"info"}
{"message":"Creating DB indexes","level":"info"}
{"message":"Push Notification Service started","level":"info"}
{"message":"bws.config.js not found, using default configuration values","level":"info"}
{"message":"Using message broker server at http://localhost:3380","level":"info"}
{"message":"Connection established to db: mongodb://127.0.0.1:27017/bws","level":"info"}
{"message":"Creating DB indexes","level":"info"}
{"message":"Push Notification Service started","level":"info"}
{"message":"Notification received: NewTxProposal","level":"debug"}
{"message":"{\"version\":\"1.0.0\",\"createdOn\":1663147666,\"id\":\"016631476669790000\",\"type\":\"NewTxProposal\",\"data\":{\"txProposalId\":\"e9c26a35-d4ce-453a-8671-d5bda40b7b07\",\"creatorId\":\"347395348c6baa02c4a09d86654f06692201a05b8c88186b1c5c67ee3eb45643\",\"amount\":0,\"message\":null,\"tokenAddress\":\"0x26B69343Ab58f9A1A1BcB7FeE7FA6a5A1bB3409E\",\"multisigContractAddress\":null},\"walletId\":\"38018961-2818-441a-bd58-6c1e0f2a3210\",\"creatorId\":\"347395348c6baa02c4a09d86654f06692201a05b8c88186b1c5c67ee3eb45643\",\"_id\":\"63219e92fb371b90d95b7ce1\"}","level":"debug"}
{"message":"Should send notification: false","level":"debug"}
{"message":"Notification received: TxProposalAcceptedBy","level":"debug"}
{"message":"{\"version\":\"1.0.0\",\"createdOn\":1663147667,\"id\":\"016631476675890000\",\"type\":\"TxProposalAcceptedBy\",\"data\":{\"txProposalId\":\"e9c26a35-d4ce-453a-8671-d5bda40b7b07\",\"creatorId\":\"347395348c6baa02c4a09d86654f06692201a05b8c88186b1c5c67ee3eb45643\",\"amount\":0,\"message\":null,\"tokenAddress\":\"0x26B69343Ab58f9A1A1BcB7FeE7FA6a5A1bB3409E\",\"multisigContractAddress\":null,\"copayerId\":\"347395348c6baa02c4a09d86654f06692201a05b8c88186b1c5c67ee3eb45643\"},\"walletId\":\"38018961-2818-441a-bd58-6c1e0f2a3210\",\"creatorId\":\"347395348c6baa02c4a09d86654f06692201a05b8c88186b1c5c67ee3eb45643\",\"_id\":\"63219e93fb371b90d95b7ce2\"}","level":"debug"}
{"message":"Should send notification: true","level":"debug"}
{"message":"Notification received: TxProposalFinallyAccepted","level":"debug"}
{"message":"{\"version\":\"1.0.0\",\"createdOn\":1663147667,\"id\":\"016631476675920001\",\"type\":\"TxProposalFinallyAccepted\",\"data\":{\"txProposalId\":\"e9c26a35-d4ce-453a-8671-d5bda40b7b07\",\"creatorId\":\"347395348c6baa02c4a09d86654f06692201a05b8c88186b1c5c67ee3eb45643\",\"amount\":0,\"message\":null,\"tokenAddress\":\"0x26B69343Ab58f9A1A1BcB7FeE7FA6a5A1bB3409E\",\"multisigContractAddress\":null},\"walletId\":\"38018961-2818-441a-bd58-6c1e0f2a3210\",\"creatorId\":\"347395348c6baa02c4a09d86654f06692201a05b8c88186b1c5c67ee3eb45643\",\"_id\":\"63219e93fb371b90d95b7ce3\"}","level":"debug"}
{"message":"Should send notification: true","level":"debug"}

/mnt/ethereum/ccc/bitcore/packages/bitcore-wallet-service/src/lib/pushnotificationsservice.ts:160
      notifType.filename = notification.data.amount !== 0 ? notifType.filename[0] : notifType.filename[1];
                                             ^
TypeError: Cannot read property 'amount' of undefined
    at PushNotificationsService._sendPushNotifications (/mnt/ethereum/ccc/bitcore/packages/bitcore-wallet-service/src/lib/pushnotificationsservice.ts:160:46)
    at MessageBroker.wrapper (/mnt/ethereum/ccc/bitcore/packages/bitcore-wallet-service/node_modules/lodash/lodash.js:4949:19)
    at MessageBroker.emit (events.js:193:13)
    at Socket.<anonymous> (/mnt/ethereum/ccc/bitcore/packages/bitcore-wallet-service/src/lib/messagebroker.ts:23:14)
    at Socket.Emitter.emit (/mnt/ethereum/ccc/bitcore/packages/bitcore-wallet-service/node_modules/component-emitter/index.js:133:20)
    at Socket.onevent (/mnt/ethereum/ccc/bitcore/packages/bitcore-wallet-service/node_modules/socket.io-client/lib/socket.js:278:10)
    at Socket.onpacket (/mnt/ethereum/ccc/bitcore/packages/bitcore-wallet-service/node_modules/socket.io-client/lib/socket.js:236:12)
    at Manager.<anonymous> (/mnt/ethereum/ccc/bitcore/packages/bitcore-wallet-service/node_modules/component-bind/index.js:21:15)
    at Manager.Emitter.emit (/mnt/ethereum/ccc/bitcore/packages/bitcore-wallet-service/node_modules/component-emitter/index.js:133:20)
    at Manager.ondecoded (/mnt/ethereum/ccc/bitcore/packages/bitcore-wallet-service/node_modules/socket.io-client/lib/manager.js:345:8)
    at Decoder.<anonymous> (/mnt/ethereum/ccc/bitcore/packages/bitcore-wallet-service/node_modules/component-bind/index.js:21:15)
    at Decoder.Emitter.emit (/mnt/ethereum/ccc/bitcore/packages/bitcore-wallet-service/node_modules/component-emitter/index.js:133:20)
    at Decoder.add (/mnt/ethereum/ccc/bitcore/packages/bitcore-wallet-service/node_modules/socket.io-client/node_modules/socket.io-parser/index.js:251:12)
    at Manager.ondata (/mnt/ethereum/ccc/bitcore/packages/bitcore-wallet-service/node_modules/socket.io-client/lib/manager.js:335:16)
    at Socket.<anonymous> (/mnt/ethereum/ccc/bitcore/packages/bitcore-wallet-service/node_modules/component-bind/index.js:21:15)
    at Socket.Emitter.emit (/mnt/ethereum/ccc/bitcore/packages/bitcore-wallet-service/node_modules/component-emitter/index.js:133:20)
    at Socket.onPacket (/mnt/ethereum/ccc/bitcore/packages/bitcore-wallet-service/node_modules/engine.io-client/lib/socket.js:461:14)
    at WS.<anonymous> (/mnt/ethereum/ccc/bitcore/packages/bitcore-wallet-service/node_modules/engine.io-client/lib/socket.js:278:10)
    at WS.Emitter.emit (/mnt/ethereum/ccc/bitcore/packages/bitcore-wallet-service/node_modules/component-emitter/index.js:133:20)
    at WS.Transport.onPacket (/mnt/ethereum/ccc/bitcore/packages/bitcore-wallet-service/node_modules/engine.io-client/lib/transport.js:149:8)
    at WS.Transport.onData (/mnt/ethereum/ccc/bitcore/packages/bitcore-wallet-service/node_modules/engine.io-client/lib/transport.js:141:8)
    at WebSocket.ws.onmessage (/mnt/ethereum/ccc/bitcore/packages/bitcore-wallet-service/node_modules/engine.io-client/lib/transports/websocket.js:156:10)
    at WebSocket.onMessage (/mnt/ethereum/ccc/bitcore/packages/bitcore-wallet-service/node_modules/engine.io-client/node_modules/ws/lib/event-target.js:120:16)
    at WebSocket.emit (events.js:193:13)
    at Receiver.receiverOnMessage (/mnt/ethereum/ccc/bitcore/packages/bitcore-wallet-service/node_modules/engine.io-client/node_modules/ws/lib/websocket.js:744:20)
    at Receiver.emit (events.js:193:13)
    at Receiver.dataMessage (/mnt/ethereum/ccc/bitcore/packages/bitcore-wallet-service/node_modules/engine.io-client/node_modules/ws/lib/receiver.js:417:14)
    at Receiver.getData (/mnt/ethereum/ccc/bitcore/packages/bitcore-wallet-service/node_modules/engine.io-client/node_modules/ws/lib/receiver.js:347:17)
{"message":"bws.config.js not found, using default configuration values","level":"info"}
{"message":"Using message broker server at http://localhost:3380","level":"info"}
{"message":"Connection established to db: mongodb://127.0.0.1:27017/bws","level":"info"}
{"message":"Creating DB indexes","level":"info"}
{"message":"Push Notification Service started","level":"info"}
{"message":"Notification received: NewTxProposal","level":"debug"}
{"message":"{\"version\":\"1.0.0\",\"createdOn\":1663211141,\"id\":\"016632111416800000\",\"type\":\"NewTxProposal\",\"data\":{\"txProposalId\":\"67dcaf01-9a42-4890-8f30-a0f5290cc99c\",\"creatorId\":\"347395348c6baa02c4a09d86654f06692201a05b8c88186b1c5c67ee3eb45643\",\"amount\":100,\"message\":null,\"tokenAddress\":\"0x50d80b2a3eaf85b6413c4c1ad38134a6d1bb1ba6\",\"multisigContractAddress\":null},\"walletId\":\"38018961-2818-441a-bd58-6c1e0f2a3210\",\"creatorId\":\"347395348c6baa02c4a09d86654f06692201a05b8c88186b1c5c67ee3eb45643\",\"_id\":\"6322968560db56d1b73bce56\"}","level":"debug"}
{"message":"Should send notification: false","level":"debug"}
{"message":"Notification received: TxProposalAcceptedBy","level":"debug"}
{"message":"{\"version\":\"1.0.0\",\"createdOn\":1663211142,\"id\":\"016632111421540000\",\"type\":\"TxProposalAcceptedBy\",\"data\":{\"txProposalId\":\"67dcaf01-9a42-4890-8f30-a0f5290cc99c\",\"creatorId\":\"347395348c6baa02c4a09d86654f06692201a05b8c88186b1c5c67ee3eb45643\",\"amount\":100,\"message\":null,\"tokenAddress\":\"0x50d80b2a3eaf85b6413c4c1ad38134a6d1bb1ba6\",\"multisigContractAddress\":null,\"copayerId\":\"347395348c6baa02c4a09d86654f06692201a05b8c88186b1c5c67ee3eb45643\"},\"walletId\":\"38018961-2818-441a-bd58-6c1e0f2a3210\",\"creatorId\":\"347395348c6baa02c4a09d86654f06692201a05b8c88186b1c5c67ee3eb45643\",\"_id\":\"6322968660db56d1b73bce57\"}","level":"debug"}
{"message":"Should send notification: true","level":"debug"}
{"message":"Notification received: TxProposalFinallyAccepted","level":"debug"}
{"message":"{\"version\":\"1.0.0\",\"createdOn\":1663211142,\"id\":\"016632111421590001\",\"type\":\"TxProposalFinallyAccepted\",\"data\":{\"txProposalId\":\"67dcaf01-9a42-4890-8f30-a0f5290cc99c\",\"creatorId\":\"347395348c6baa02c4a09d86654f06692201a05b8c88186b1c5c67ee3eb45643\",\"amount\":100,\"message\":null,\"tokenAddress\":\"0x50d80b2a3eaf85b6413c4c1ad38134a6d1bb1ba6\",\"multisigContractAddress\":null},\"walletId\":\"38018961-2818-441a-bd58-6c1e0f2a3210\",\"creatorId\":\"347395348c6baa02c4a09d86654f06692201a05b8c88186b1c5c67ee3eb45643\",\"_id\":\"6322968660db56d1b73bce58\"}","level":"debug"}
{"message":"Should send notification: true","level":"debug"}

/mnt/ethereum/ccc/bitcore/packages/bitcore-wallet-service/src/lib/pushnotificationsservice.ts:160
      notifType.filename = notification.data.amount !== 0 ? notifType.filename[0] : notifType.filename[1];
                                             ^
TypeError: Cannot read property 'amount' of undefined
    at PushNotificationsService._sendPushNotifications (/mnt/ethereum/ccc/bitcore/packages/bitcore-wallet-service/src/lib/pushnotificationsservice.ts:160:46)
    at MessageBroker.wrapper (/mnt/ethereum/ccc/bitcore/packages/bitcore-wallet-service/node_modules/lodash/lodash.js:4949:19)
    at MessageBroker.emit (events.js:193:13)
    at Socket.<anonymous> (/mnt/ethereum/ccc/bitcore/packages/bitcore-wallet-service/src/lib/messagebroker.ts:23:14)
    at Socket.Emitter.emit (/mnt/ethereum/ccc/bitcore/packages/bitcore-wallet-service/node_modules/component-emitter/index.js:133:20)
    at Socket.onevent (/mnt/ethereum/ccc/bitcore/packages/bitcore-wallet-service/node_modules/socket.io-client/lib/socket.js:278:10)
    at Socket.onpacket (/mnt/ethereum/ccc/bitcore/packages/bitcore-wallet-service/node_modules/socket.io-client/lib/socket.js:236:12)
    at Manager.<anonymous> (/mnt/ethereum/ccc/bitcore/packages/bitcore-wallet-service/node_modules/component-bind/index.js:21:15)
    at Manager.Emitter.emit (/mnt/ethereum/ccc/bitcore/packages/bitcore-wallet-service/node_modules/component-emitter/index.js:133:20)
    at Manager.ondecoded (/mnt/ethereum/ccc/bitcore/packages/bitcore-wallet-service/node_modules/socket.io-client/lib/manager.js:345:8)
    at Decoder.<anonymous> (/mnt/ethereum/ccc/bitcore/packages/bitcore-wallet-service/node_modules/component-bind/index.js:21:15)
    at Decoder.Emitter.emit (/mnt/ethereum/ccc/bitcore/packages/bitcore-wallet-service/node_modules/component-emitter/index.js:133:20)
    at Decoder.add (/mnt/ethereum/ccc/bitcore/packages/bitcore-wallet-service/node_modules/socket.io-client/node_modules/socket.io-parser/index.js:251:12)
    at Manager.ondata (/mnt/ethereum/ccc/bitcore/packages/bitcore-wallet-service/node_modules/socket.io-client/lib/manager.js:335:16)
    at Socket.<anonymous> (/mnt/ethereum/ccc/bitcore/packages/bitcore-wallet-service/node_modules/component-bind/index.js:21:15)
    at Socket.Emitter.emit (/mnt/ethereum/ccc/bitcore/packages/bitcore-wallet-service/node_modules/component-emitter/index.js:133:20)
    at Socket.onPacket (/mnt/ethereum/ccc/bitcore/packages/bitcore-wallet-service/node_modules/engine.io-client/lib/socket.js:461:14)
    at WS.<anonymous> (/mnt/ethereum/ccc/bitcore/packages/bitcore-wallet-service/node_modules/engine.io-client/lib/socket.js:278:10)
    at WS.Emitter.emit (/mnt/ethereum/ccc/bitcore/packages/bitcore-wallet-service/node_modules/component-emitter/index.js:133:20)
    at WS.Transport.onPacket (/mnt/ethereum/ccc/bitcore/packages/bitcore-wallet-service/node_modules/engine.io-client/lib/transport.js:149:8)
    at WS.Transport.onData (/mnt/ethereum/ccc/bitcore/packages/bitcore-wallet-service/node_modules/engine.io-client/lib/transport.js:141:8)
    at WebSocket.ws.onmessage (/mnt/ethereum/ccc/bitcore/packages/bitcore-wallet-service/node_modules/engine.io-client/lib/transports/websocket.js:156:10)
    at WebSocket.onMessage (/mnt/ethereum/ccc/bitcore/packages/bitcore-wallet-service/node_modules/engine.io-client/node_modules/ws/lib/event-target.js:120:16)
    at WebSocket.emit (events.js:193:13)
    at Receiver.receiverOnMessage (/mnt/ethereum/ccc/bitcore/packages/bitcore-wallet-service/node_modules/engine.io-client/node_modules/ws/lib/websocket.js:744:20)
    at Receiver.emit (events.js:193:13)
    at Receiver.dataMessage (/mnt/ethereum/ccc/bitcore/packages/bitcore-wallet-service/node_modules/engine.io-client/node_modules/ws/lib/receiver.js:417:14)
    at Receiver.getData (/mnt/ethereum/ccc/bitcore/packages/bitcore-wallet-service/node_modules/engine.io-client/node_modules/ws/lib/receiver.js:347:17)
{"message":"bws.config.js not found, using default configuration values","level":"info"}
{"message":"Using message broker server at http://localhost:3380","level":"info"}
{"message":"Connection established to db: mongodb://127.0.0.1:27017/bws","level":"info"}
{"message":"Creating DB indexes","level":"info"}
{"message":"Push Notification Service started","level":"info"}
{"message":"Notification received: NewTxProposal","level":"debug"}
{"message":"{\"version\":\"1.0.0\",\"createdOn\":1663222643,\"id\":\"016632226430950000\",\"type\":\"NewTxProposal\",\"data\":{\"txProposalId\":\"1495727a-6e8f-43f8-a91b-c8aecac2c30f\",\"creatorId\":\"6a24499d32fef87c20ab387b2707be8780a28c03caa2d1cfe6e88464978d0079\",\"amount\":5000000000000000000,\"message\":null,\"tokenAddress\":null,\"multisigContractAddress\":null},\"walletId\":\"bcd31fd1-e1b8-4508-b931-ff3d6b89ab7a\",\"creatorId\":\"6a24499d32fef87c20ab387b2707be8780a28c03caa2d1cfe6e88464978d0079\",\"_id\":\"6322c3733c9757dfa1e6f289\"}","level":"debug"}
{"message":"Should send notification: false","level":"debug"}
{"message":"Notification received: TxProposalAcceptedBy","level":"debug"}
{"message":"{\"version\":\"1.0.0\",\"createdOn\":1663222643,\"id\":\"016632226434330000\",\"type\":\"TxProposalAcceptedBy\",\"data\":{\"txProposalId\":\"1495727a-6e8f-43f8-a91b-c8aecac2c30f\",\"creatorId\":\"6a24499d32fef87c20ab387b2707be8780a28c03caa2d1cfe6e88464978d0079\",\"amount\":5000000000000000000,\"message\":null,\"tokenAddress\":null,\"multisigContractAddress\":null,\"copayerId\":\"6a24499d32fef87c20ab387b2707be8780a28c03caa2d1cfe6e88464978d0079\"},\"walletId\":\"bcd31fd1-e1b8-4508-b931-ff3d6b89ab7a\",\"creatorId\":\"6a24499d32fef87c20ab387b2707be8780a28c03caa2d1cfe6e88464978d0079\",\"_id\":\"6322c3733c9757dfa1e6f28a\"}","level":"debug"}
{"message":"Should send notification: true","level":"debug"}
{"message":"Notification received: TxProposalFinallyAccepted","level":"debug"}
{"message":"{\"version\":\"1.0.0\",\"createdOn\":1663222643,\"id\":\"016632226434350001\",\"type\":\"TxProposalFinallyAccepted\",\"data\":{\"txProposalId\":\"1495727a-6e8f-43f8-a91b-c8aecac2c30f\",\"creatorId\":\"6a24499d32fef87c20ab387b2707be8780a28c03caa2d1cfe6e88464978d0079\",\"amount\":5000000000000000000,\"message\":null,\"tokenAddress\":null,\"multisigContractAddress\":null},\"walletId\":\"bcd31fd1-e1b8-4508-b931-ff3d6b89ab7a\",\"creatorId\":\"6a24499d32fef87c20ab387b2707be8780a28c03caa2d1cfe6e88464978d0079\",\"_id\":\"6322c3733c9757dfa1e6f28b\"}","level":"debug"}
{"message":"Should send notification: true","level":"debug"}

/mnt/ethereum/ccc/bitcore/packages/bitcore-wallet-service/src/lib/pushnotificationsservice.ts:160
      notifType.filename = notification.data.amount !== 0 ? notifType.filename[0] : notifType.filename[1];
                                             ^
TypeError: Cannot read property 'amount' of undefined
    at PushNotificationsService._sendPushNotifications (/mnt/ethereum/ccc/bitcore/packages/bitcore-wallet-service/src/lib/pushnotificationsservice.ts:160:46)
    at MessageBroker.wrapper (/mnt/ethereum/ccc/bitcore/packages/bitcore-wallet-service/node_modules/lodash/lodash.js:4949:19)
    at MessageBroker.emit (events.js:193:13)
    at Socket.<anonymous> (/mnt/ethereum/ccc/bitcore/packages/bitcore-wallet-service/src/lib/messagebroker.ts:23:14)
    at Socket.Emitter.emit (/mnt/ethereum/ccc/bitcore/packages/bitcore-wallet-service/node_modules/component-emitter/index.js:133:20)
    at Socket.onevent (/mnt/ethereum/ccc/bitcore/packages/bitcore-wallet-service/node_modules/socket.io-client/lib/socket.js:278:10)
    at Socket.onpacket (/mnt/ethereum/ccc/bitcore/packages/bitcore-wallet-service/node_modules/socket.io-client/lib/socket.js:236:12)
    at Manager.<anonymous> (/mnt/ethereum/ccc/bitcore/packages/bitcore-wallet-service/node_modules/component-bind/index.js:21:15)
    at Manager.Emitter.emit (/mnt/ethereum/ccc/bitcore/packages/bitcore-wallet-service/node_modules/component-emitter/index.js:133:20)
    at Manager.ondecoded (/mnt/ethereum/ccc/bitcore/packages/bitcore-wallet-service/node_modules/socket.io-client/lib/manager.js:345:8)
    at Decoder.<anonymous> (/mnt/ethereum/ccc/bitcore/packages/bitcore-wallet-service/node_modules/component-bind/index.js:21:15)
    at Decoder.Emitter.emit (/mnt/ethereum/ccc/bitcore/packages/bitcore-wallet-service/node_modules/component-emitter/index.js:133:20)
    at Decoder.add (/mnt/ethereum/ccc/bitcore/packages/bitcore-wallet-service/node_modules/socket.io-client/node_modules/socket.io-parser/index.js:251:12)
    at Manager.ondata (/mnt/ethereum/ccc/bitcore/packages/bitcore-wallet-service/node_modules/socket.io-client/lib/manager.js:335:16)
    at Socket.<anonymous> (/mnt/ethereum/ccc/bitcore/packages/bitcore-wallet-service/node_modules/component-bind/index.js:21:15)
    at Socket.Emitter.emit (/mnt/ethereum/ccc/bitcore/packages/bitcore-wallet-service/node_modules/component-emitter/index.js:133:20)
    at Socket.onPacket (/mnt/ethereum/ccc/bitcore/packages/bitcore-wallet-service/node_modules/engine.io-client/lib/socket.js:461:14)
    at WS.<anonymous> (/mnt/ethereum/ccc/bitcore/packages/bitcore-wallet-service/node_modules/engine.io-client/lib/socket.js:278:10)
    at WS.Emitter.emit (/mnt/ethereum/ccc/bitcore/packages/bitcore-wallet-service/node_modules/component-emitter/index.js:133:20)
    at WS.Transport.onPacket (/mnt/ethereum/ccc/bitcore/packages/bitcore-wallet-service/node_modules/engine.io-client/lib/transport.js:149:8)
    at WS.Transport.onData (/mnt/ethereum/ccc/bitcore/packages/bitcore-wallet-service/node_modules/engine.io-client/lib/transport.js:141:8)
    at WebSocket.ws.onmessage (/mnt/ethereum/ccc/bitcore/packages/bitcore-wallet-service/node_modules/engine.io-client/lib/transports/websocket.js:156:10)
    at WebSocket.onMessage (/mnt/ethereum/ccc/bitcore/packages/bitcore-wallet-service/node_modules/engine.io-client/node_modules/ws/lib/event-target.js:120:16)
    at WebSocket.emit (events.js:193:13)
    at Receiver.receiverOnMessage (/mnt/ethereum/ccc/bitcore/packages/bitcore-wallet-service/node_modules/engine.io-client/node_modules/ws/lib/websocket.js:744:20)
    at Receiver.emit (events.js:193:13)
    at Receiver.dataMessage (/mnt/ethereum/ccc/bitcore/packages/bitcore-wallet-service/node_modules/engine.io-client/node_modules/ws/lib/receiver.js:417:14)
    at Receiver.getData (/mnt/ethereum/ccc/bitcore/packages/bitcore-wallet-service/node_modules/engine.io-client/node_modules/ws/lib/receiver.js:347:17)
